<?xml version="1.0" encoding="UTF-8"?>
<testsuite xmlns:xsi="http://www.w3.org/2001/XMLSchema-instance" xsi:noNamespaceSchemaLocation="https://maven.apache.org/surefire/maven-surefire-plugin/xsd/surefire-test-report.xsd" version="3.0.2" name="com.khaliv.reservationsystem.controller.ProductControllerTest" time="4.467" tests="2" errors="0" skipped="0" failures="0" flakes="0">
  <properties>
[...]
</properties>
  <testcase name="getAllProducts_shouldReturnProducts" classname="com.khaliv.reservationsystem.controller.ProductControllerTest" time="0.325">
    <system-out><![CDATA[20:49:55.015 [main] INFO org.springframework.test.context.support.AnnotationConfigContextLoaderUtils -- Could not detect default configuration classes for test class [com.khaliv.reservationsystem.controller.ProductControllerTest]: ProductControllerTest does not declare any static, non-private, non-final, nested classes annotated with @Configuration.
20:49:55.201 [main] INFO org.springframework.boot.test.context.SpringBootTestContextBootstrapper -- Found @SpringBootConfiguration com.khaliv.reservationsystem.ReservationSystemApplication for test class com.khaliv.reservationsystem.controller.ProductControllerTest
20:49:55.203 [main] INFO org.springframework.test.context.support.AnnotationConfigContextLoaderUtils -- Could not detect default configuration classes for test class [com.khaliv.reservationsystem.controller.ProductControllerTest]: ProductControllerTest does not declare any static, non-private, non-final, nested classes annotated with @Configuration.
20:49:55.214 [main] INFO org.springframework.boot.test.context.SpringBootTestContextBootstrapper -- Found @SpringBootConfiguration com.khaliv.reservationsystem.ReservationSystemApplication for test class com.khaliv.reservationsystem.controller.ProductControllerTest

  .   ____          _            __ _ _
 /\\ / ___'_ __ _ _(_)_ __  __ _ \ \ \ \
( ( )\___ | '_ | '_| | '_ \/ _` | \ \ \ \
 \\/  ___)| |_)| | | | | || (_| |  ) ) ) )
  '  |____| .__|_| |_|_| |_\__, | / / / /
 =========|_|==============|___/=/_/_/_/

 :: Spring Boot ::                (v4.1.1)

2026-09-05T20:49:55.924+07:00  INFO 29160 --- [reservation-system] [           main] c.k.r.controller.ProductControllerTest   : Starting ProductControllerTest using Java 17.0.16 with PID 29160 (started by Khaliv's Laptop in D:\SCHOOL, WORK, LIFE\iseng coding\reservation-system\backend)
2026-09-05T20:49:55.926+07:00  INFO 29160 --- [reservation-system] [           main] c.k.r.controller.ProductControllerTest   : No active profile set, falling back to 1 default profile: "default"
2026-09-05T20:49:58.706+07:00  INFO 29160 --- [reservation-system] [           main] o.s.b.t.m.w.SpringBootMockServletContext : Initializing Spring TestDispatcherServlet ''
2026-09-05T20:49:58.706+07:00  INFO 29160 --- [reservation-system] [           main] o.s.t.web.servlet.TestDispatcherServlet  : Initializing Servlet ''
2026-09-05T20:49:58.710+07:00  INFO 29160 --- [reservation-system] [           main] o.s.t.web.servlet.TestDispatcherServlet  : Completed initialization in 2 ms
2026-09-05T20:49:58.748+07:00  INFO 29160 --- [reservation-system] [           main] c.k.r.controller.ProductControllerTest   : Started ProductControllerTest in 3.407 seconds (process running for 5.01)
]]></system-out>
  </testcase>
  <testcase name="createProduct_shouldReturnCreatedProduct" classname="com.khaliv.reservationsystem.controller.ProductControllerTest" time="0.061"/>
</testsuite>